  AiSD_GRAFY.cpp
C:\Users\gorsk\source\repos\AiSD_GRAFY\AiSD_GRAFY\AiSD_GRAFY.cpp(86,23): warning C4018: '<': signed/unsigned mismatch
C:\Users\gorsk\source\repos\AiSD_GRAFY\AiSD_GRAFY\AiSD_GRAFY.cpp(115,23): warning C4018: '<': signed/unsigned mismatch
C:\Users\gorsk\source\repos\AiSD_GRAFY\AiSD_GRAFY\AiSD_GRAFY.cpp(134,27): warning C4018: '<': signed/unsigned mismatch
C:\Users\gorsk\source\repos\AiSD_GRAFY\AiSD_GRAFY\AiSD_GRAFY.cpp(138,31): warning C4018: '<': signed/unsigned mismatch
C:\Users\gorsk\source\repos\AiSD_GRAFY\AiSD_GRAFY\AiSD_GRAFY.cpp(149,27): warning C4018: '<': signed/unsigned mismatch
C:\Users\gorsk\source\repos\AiSD_GRAFY\AiSD_GRAFY\AiSD_GRAFY.cpp(151,35): warning C4018: '<': signed/unsigned mismatch
C:\Users\gorsk\source\repos\AiSD_GRAFY\AiSD_GRAFY\AiSD_GRAFY.cpp(160,23): warning C4018: '<': signed/unsigned mismatch
C:\Users\gorsk\source\repos\AiSD_GRAFY\AiSD_GRAFY\AiSD_GRAFY.cpp(161,27): warning C4018: '<': signed/unsigned mismatch
C:\Users\gorsk\source\repos\AiSD_GRAFY\AiSD_GRAFY\AiSD_GRAFY.cpp(175,23): warning C4018: '<': signed/unsigned mismatch
C:\Users\gorsk\source\repos\AiSD_GRAFY\AiSD_GRAFY\AiSD_GRAFY.cpp(176,27): warning C4018: '<': signed/unsigned mismatch
C:\Users\gorsk\source\repos\AiSD_GRAFY\AiSD_GRAFY\AiSD_GRAFY.cpp(226,23): warning C4018: '<': signed/unsigned mismatch
C:\Users\gorsk\source\repos\AiSD_GRAFY\AiSD_GRAFY\AiSD_GRAFY.cpp(242,23): warning C4018: '<': signed/unsigned mismatch
C:\Users\gorsk\source\repos\AiSD_GRAFY\AiSD_GRAFY\AiSD_GRAFY.cpp(276,35): warning C4018: '<': signed/unsigned mismatch
C:\Users\gorsk\source\repos\AiSD_GRAFY\AiSD_GRAFY\AiSD_GRAFY.cpp(303,27): warning C4018: '<': signed/unsigned mismatch
C:\Users\gorsk\source\repos\AiSD_GRAFY\AiSD_GRAFY\AiSD_GRAFY.cpp(312,23): warning C4018: '<': signed/unsigned mismatch
C:\Users\gorsk\source\repos\AiSD_GRAFY\AiSD_GRAFY\AiSD_GRAFY.cpp(372,21): warning C4566: character represented by universal-character-name '\u0141' cannot be represented in the current code page (1252)
C:\Users\gorsk\source\repos\AiSD_GRAFY\AiSD_GRAFY\AiSD_GRAFY.cpp(379,21): warning C4566: character represented by universal-character-name '\u0118' cannot be represented in the current code page (1252)
C:\Users\gorsk\source\repos\AiSD_GRAFY\AiSD_GRAFY\AiSD_GRAFY.cpp(395,31): warning C4018: '<': signed/unsigned mismatch
C:\Users\gorsk\source\repos\AiSD_GRAFY\AiSD_GRAFY\AiSD_GRAFY.cpp(400,31): warning C4018: '<': signed/unsigned mismatch
  Generating code
  1 of 509 functions ( 0.2%) were compiled, the rest were copied from previous compilation.
    0 functions were new in current compilation
    0 functions had inline decision re-evaluated but remain unchanged
  Finished generating code
  AiSD_GRAFY.vcxproj -> C:\Users\gorsk\source\repos\AiSD_GRAFY\Release\AiSD_GRAFY.exe
